<?xml version="1.0" encoding="UTF-8" ?>
<testsuite errors="0" failures="0" hostname="DESKTOP-S9SIMAN" name="cz.blocksolver.tests.port.InputPortTest" skipped="0" tests="3" time="0.162" timestamp="2018-04-03T19:03:53">
  <properties>
    <property name="ant.project.invoked-targets" value="run" />
    <property name="main.build.dir" value="build/" />
    <property name="java.runtime.name" value="OpenJDK Runtime Environment" />
    <property name="sun.boot.library.path" value="/usr/lib/jvm/java-8-openjdk-amd64/jre/lib/amd64" />
    <property name="java.vm.version" value="25.151-b12" />
    <property name="ant.library.dir" value="/usr/share/ant/lib" />
    <property name="ant.version" value="Apache Ant(TM) version 1.9.6 compiled on July 8 2015" />
    <property name="ant.java.version" value="1.8" />
    <property name="java.vm.vendor" value="Oracle Corporation" />
    <property name="java.vendor.url" value="http://java.oracle.com/" />
    <property name="path.separator" value=":" />
    <property name="dist" value="/mnt/c/Users/rykk0/Desktop/BlockSolver/dest-client" />
    <property name="doc" value="/mnt/c/Users/rykk0/Desktop/BlockSolver/doc" />
    <property name="java.vm.name" value="OpenJDK 64-Bit Server VM" />
    <property name="file.encoding.pkg" value="sun.io" />
    <property name="user.country" value="US" />
    <property name="sun.java.launcher" value="SUN_STANDARD" />
    <property name="sun.os.patch.level" value="unknown" />
    <property name="java.vm.specification.name" value="Java Virtual Machine Specification" />
    <property name="user.dir" value="/mnt/c/Users/rykk0/Desktop/BlockSolver" />
    <property name="java.runtime.version" value="1.8.0_151-8u151-b12-0ubuntu0.16.04.2-b12" />
    <property name="java.awt.graphicsenv" value="sun.awt.X11GraphicsEnvironment" />
    <property name="basedir" value="/mnt/c/Users/rykk0/Desktop/BlockSolver" />
    <property name="java.endorsed.dirs" value="/usr/lib/jvm/java-8-openjdk-amd64/jre/lib/endorsed" />
    <property name="os.arch" value="amd64" />
    <property name="ant.project.default-target" value="dist" />
    <property name="java.io.tmpdir" value="/tmp" />
    <property name="ant.core.lib" value="/usr/share/ant/lib/ant.jar" />
    <property name="line.separator" value="&#xa;" />
    <property name="java.vm.specification.vendor" value="Oracle Corporation" />
    <property name="os.name" value="Linux" />
    <property name="ant.home" value="/usr/share/ant" />
    <property name="ant.file.type.Block Solver" value="file" />
    <property name="ant.project.name" value="Block Solver" />
    <property name="sun.jnu.encoding" value="UTF-8" />
    <property name="java.library.path" value="/usr/java/packages/lib/amd64:/usr/lib/x86_64-linux-gnu/jni:/lib/x86_64-linux-gnu:/usr/lib/x86_64-linux-gnu:/usr/lib/jni:/lib:/usr/lib" />
    <property name="src" value="/mnt/c/Users/rykk0/Desktop/BlockSolver/src" />
    <property name="java.specification.name" value="Java Platform API Specification" />
    <property name="java.class.version" value="52.0" />
    <property name="sun.management.compiler" value="HotSpot 64-Bit Tiered Compilers" />
    <property name="os.version" value="4.4.0-43-Microsoft" />
    <property name="ant.file" value="/mnt/c/Users/rykk0/Desktop/BlockSolver/build.xml" />
    <property name="user.home" value="/home/xendry02" />
    <property name="user.timezone" value="" />
    <property name="java.awt.printerjob" value="sun.print.PSPrinterJob" />
    <property name="java.specification.version" value="1.8" />
    <property name="file.encoding" value="UTF-8" />
    <property name="user.name" value="xendry02" />
    <property name="java.class.path" value="/mnt/c/Users/rykk0/Desktop/BlockSolver/lib/junit-4.12.jar:/mnt/c/Users/rykk0/Desktop/BlockSolver/lib/hamcrest-core-1.3.jar:/mnt/c/Users/rykk0/Desktop/BlockSolver/build:/usr/share/ant/lib/junit.jar:/usr/share/java/ant-launcher-1.9.6.jar:/usr/share/ant/lib/ant.jar:/usr/share/ant/lib/ant-junit.jar:/usr/share/ant/lib/ant-junit4.jar" />
    <property name="java.vm.specification.version" value="1.8" />
    <property name="java.home" value="/usr/lib/jvm/java-8-openjdk-amd64/jre" />
    <property name="sun.java.command" value="org.apache.tools.ant.taskdefs.optional.junit.JUnitTestRunner cz.blocksolver.tests.port.InputPortTest skipNonTests=false filtertrace=true haltOnError=false haltOnFailure=false formatter=org.apache.tools.ant.taskdefs.optional.junit.SummaryJUnitResultFormatter showoutput=false outputtoformatters=true logfailedtests=true threadid=0 logtestlistenerevents=false formatter=org.apache.tools.ant.taskdefs.optional.junit.XMLJUnitResultFormatter,/mnt/c/Users/rykk0/Desktop/BlockSolver/build/results/TEST-cz.blocksolver.tests.port.InputPortTest.xml formatter=org.apache.tools.ant.taskdefs.optional.junit.PlainJUnitResultFormatter,/mnt/c/Users/rykk0/Desktop/BlockSolver/build/results/TEST-cz.blocksolver.tests.port.InputPortTest.txt crashfile=/mnt/c/Users/rykk0/Desktop/BlockSolver/junitvmwatcher5217425395435581978.properties propsfile=/mnt/c/Users/rykk0/Desktop/BlockSolver/junit6365357721488129730.properties" />
    <property name="sun.arch.data.model" value="64" />
    <property name="java.specification.vendor" value="Oracle Corporation" />
    <property name="user.language" value="en" />
    <property name="build" value="/mnt/c/Users/rykk0/Desktop/BlockSolver/build" />
    <property name="awt.toolkit" value="sun.awt.X11.XToolkit" />
    <property name="java.vm.info" value="mixed mode" />
    <property name="java.version" value="1.8.0_151" />
    <property name="java.ext.dirs" value="/usr/lib/jvm/java-8-openjdk-amd64/jre/lib/ext:/usr/java/packages/lib/ext" />
    <property name="sun.boot.class.path" value="/usr/lib/jvm/java-8-openjdk-amd64/jre/lib/resources.jar:/usr/lib/jvm/java-8-openjdk-amd64/jre/lib/rt.jar:/usr/lib/jvm/java-8-openjdk-amd64/jre/lib/sunrsasign.jar:/usr/lib/jvm/java-8-openjdk-amd64/jre/lib/jsse.jar:/usr/lib/jvm/java-8-openjdk-amd64/jre/lib/jce.jar:/usr/lib/jvm/java-8-openjdk-amd64/jre/lib/charsets.jar:/usr/lib/jvm/java-8-openjdk-amd64/jre/lib/jfr.jar:/usr/lib/jvm/java-8-openjdk-amd64/jre/classes" />
    <property name="java.vendor" value="Oracle Corporation" />
    <property name="file.separator" value="/" />
    <property name="java.vendor.url.bug" value="http://bugreport.sun.com/bugreport/" />
    <property name="sun.cpu.endian" value="little" />
    <property name="sun.io.unicode.encoding" value="UnicodeLittle" />
    <property name="ant.file.Block Solver" value="/mnt/c/Users/rykk0/Desktop/BlockSolver/build.xml" />
    <property name="test.build.dir" value="build/" />
    <property name="ant.file.type" value="file" />
    <property name="sun.cpu.isalist" value="" />
  </properties>
  <testcase classname="cz.blocksolver.tests.port.InputPortTest" name="inputTwoEqualInputsPort" time="0.003" />
  <testcase classname="cz.blocksolver.tests.port.InputPortTest" name="inputHashTest" time="0.0" />
  <testcase classname="cz.blocksolver.tests.port.InputPortTest" name="inputPortToString" time="0.0" />
  <system-out><![CDATA[]]></system-out>
  <system-err><![CDATA[]]></system-err>
</testsuite>
